22:53 湯 這是內政部的資料 再麻煩大家了！
2025.05.23 星期五
18:56 劉 不好意思想問一下！你們開始做模型預測的部分了嗎
18:56 劉 有問題我們都可以隨時一起討論><
19:18 涂 我有先弄一點 還沒push上去
20:19 涂 https://github.com/DS-rent/project/tree/basic
20:21 涂 我有點忘記有甚麼要做了，所以現在只有各行政區租金分布以及全部的分布
20:36 涂 現在main裡面就只有簡單的雛型，basic裡面有我新增的部分，然後看一下PR，大致上沒問題就合併進去了
2025.05.24 星期六
14:04 劉 感覺沒什麼問題 我覺得可以先merge了🥹
14:05 劉 然後模型＆推薦組的部分（冼、徐）
我覺得可以開始準備 baseline model嗎！（可能用線性回歸＋k‐fold CV，試跑租金預測）
14:05 劉 如果確定可以的話 我跟湯可以再收集+清洗資料給你們！然後我們兩個應該就開始準備海報？
14:05 劉 還有shiny UI的部分（陳、呂）也可以開始架ㄌ！到時候再把圖和資料補上去就好
14:06 劉 大家可以兩個各自討論一下><
14:06 劉 然後禮拜二來看一下大家做的怎麼樣？你們覺得這樣會太趕嗎
14:08 涂 你們額外是要抓591的嗎？
14:08 劉 我們後來發現591不能爬蟲😭
14:08 涂 可能得要趕一下🥲
14:09 劉 所以可能都以內政部的資料為主！
14:09 劉 我也覺得🥹
14:13 涂 那現在後端是要先做模型預測的部分嗎？
14:13 涂 Rawdata分析的話就先這樣？
14:15 劉 嗯嗯 應該是已模型預測為主？
14:15 劉 可以（？）你們覺得夠嗎
14:18 涂 目前是沒想法，我應該比較偏向之後ui視覺化部分的整理，後面有需要的話可以再補就好~
14:36 劉 好啊 那我們禮拜二上課一起來確認一下大家的進度！然後開始討論報告的部分
14:36 劉 你們歐虧嗎
14:41 湯 歐虧～感恩的心🥹